info: ::1 - - [30/Apr/2024:03:55:33 +0000] "POST /api/v1 HTTP/1.1" 404 47 "-" "PostmanRuntime/7.37.3"

info: ::1 - - [30/Apr/2024:03:55:57 +0000] "POST /api/v1/users/forgot-password HTTP/1.1" 404 47 "-" "PostmanRuntime/7.37.3"

info: ::1 - - [30/Apr/2024:03:57:09 +0000] "POST /api/v1/users/forgot-password HTTP/1.1" 201 130 "-" "PostmanRuntime/7.37.3"

info: ::1 - - [30/Apr/2024:03:58:22 +0000] "POST /api/v1/users/forgot-password HTTP/1.1" 201 130 "-" "PostmanRuntime/7.37.3"

info: ::1 - - [30/Apr/2024:03:59:48 +0000] "POST /api/v1/users/forgot-password HTTP/1.1" 201 130 "-" "PostmanRuntime/7.37.3"

info: ::1 - - [30/Apr/2024:04:04:31 +0000] "POST /api/v1/users/forgot-password HTTP/1.1" 201 130 "-" "PostmanRuntime/7.37.3"

info: ::1 - - [30/Apr/2024:04:06:39 +0000] "POST /api/v1/users/forgot-password HTTP/1.1" 201 130 "-" "PostmanRuntime/7.37.3"

info: ::1 - - [30/Apr/2024:04:08:45 +0000] "POST /api/v1/users/forgot-password HTTP/1.1" 201 130 "-" "PostmanRuntime/7.37.3"

info: ::1 - - [30/Apr/2024:04:13:18 +0000] "POST /api/v1/users/forgot-password HTTP/1.1" 400 127 "-" "PostmanRuntime/7.37.3"

info: ::1 - - [30/Apr/2024:04:16:57 +0000] "POST /api/v1/users/forgot-password HTTP/1.1" 400 127 "-" "PostmanRuntime/7.37.3"

info: ::1 - - [30/Apr/2024:05:18:06 +0000] "POST /api/v1/users/forgot-password HTTP/1.1" 400 127 "-" "PostmanRuntime/7.37.3"

info: ::1 - - [30/Apr/2024:05:26:38 +0000] "POST /api/v1/users/forgot-password HTTP/1.1" 400 127 "-" "PostmanRuntime/7.37.3"

info: ::1 - - [30/Apr/2024:05:29:29 +0000] "POST /api/v1/users/forgot-password HTTP/1.1" 400 127 "-" "PostmanRuntime/7.37.3"

info: ::1 - - [30/Apr/2024:05:34:59 +0000] "POST /api/v1/users/forgot-password HTTP/1.1" 400 127 "-" "PostmanRuntime/7.37.3"

info: ::1 - - [30/Apr/2024:05:39:16 +0000] "POST /api/v1/users/forgot-password HTTP/1.1" 201 149 "-" "PostmanRuntime/7.37.3"

info: ::1 - - [30/Apr/2024:05:39:51 +0000] "POST /api/v1/users/forgot-password HTTP/1.1" 201 142 "-" "PostmanRuntime/7.37.3"

info: ::1 - - [30/Apr/2024:05:41:00 +0000] "POST /api/v1/users/forgot-password HTTP/1.1" 201 142 "-" "PostmanRuntime/7.37.3"

info: ::1 - - [30/Apr/2024:05:42:22 +0000] "POST /api/v1/users/forgot-password HTTP/1.1" 201 142 "-" "PostmanRuntime/7.37.3"

info: ::1 - - [30/Apr/2024:05:44:04 +0000] "POST /api/v1/users/forgot-password HTTP/1.1" 201 142 "-" "PostmanRuntime/7.37.3"

info: ::1 - - [30/Apr/2024:05:50:04 +0000] "POST /api/v1/users/forgot-password HTTP/1.1" 201 142 "-" "PostmanRuntime/7.37.3"

info: ::1 - - [30/Apr/2024:05:51:23 +0000] "POST /api/v1/users/forgot-password HTTP/1.1" 201 142 "-" "PostmanRuntime/7.37.3"

info: ::1 - - [30/Apr/2024:05:53:12 +0000] "POST /api/v1/users/forgot-password HTTP/1.1" 201 142 "-" "PostmanRuntime/7.37.3"

info: ::1 - - [30/Apr/2024:05:55:51 +0000] "POST /api/v1/users/forgot-password HTTP/1.1" 201 141 "-" "PostmanRuntime/7.37.3"

info: ::1 - - [30/Apr/2024:05:57:12 +0000] "POST /api/v1/users/reset-password HTTP/1.1" 400 56 "-" "PostmanRuntime/7.37.3"

info: ::1 - - [30/Apr/2024:06:16:52 +0000] "POST /api/v1/users/forgot-password HTTP/1.1" 201 141 "-" "PostmanRuntime/7.37.3"

info: ::1 - - [30/Apr/2024:06:17:40 +0000] "POST /api/v1/users/forgot-password HTTP/1.1" 201 141 "-" "PostmanRuntime/7.37.3"

info: ::1 - - [30/Apr/2024:06:18:48 +0000] "POST /api/v1/users/reset-password HTTP/1.1" 201 84 "-" "PostmanRuntime/7.37.3"

info: ::1 - - [30/Apr/2024:06:21:51 +0000] "POST /api/v1/users/reset-password HTTP/1.1" 201 84 "-" "PostmanRuntime/7.37.3"

info: ::1 - - [30/Apr/2024:06:27:41 +0000] "POST /api/v1/users/reset-password HTTP/1.1" 201 276 "-" "PostmanRuntime/7.37.3"

info: ::1 - - [30/Apr/2024:06:28:37 +0000] "POST /api/v1/users/reset-password HTTP/1.1" 201 276 "-" "PostmanRuntime/7.37.3"

info: ::1 - - [30/Apr/2024:07:13:25 +0000] "GET /api/v1/users/%22 HTTP/1.1" 404 47 "-" "Mozilla/5.0 (Windows NT 10.0; Win64; x64) AppleWebKit/537.36 (KHTML, like Gecko) Chrome/124.0.0.0 Safari/537.36"

info: ::1 - - [30/Apr/2024:07:13:25 +0000] "GET /favicon.ico HTTP/1.1" 404 47 "-" "Mozilla/5.0 (Windows NT 10.0; Win64; x64) AppleWebKit/537.36 (KHTML, like Gecko) Chrome/124.0.0.0 Safari/537.36"

info: ::1 - - [30/Apr/2024:07:26:02 +0000] "POST /api/v1/users/reset-password HTTP/1.1" 201 276 "-" "PostmanRuntime/7.37.3"

info: ::1 - - [30/Apr/2024:07:27:06 +0000] "POST /api/v1/users/reset-password HTTP/1.1" 201 276 "-" "PostmanRuntime/7.37.3"

info: ::1 - - [30/Apr/2024:07:27:31 +0000] "POST /api/v1/users/reset-password HTTP/1.1" 201 276 "-" "PostmanRuntime/7.37.3"

info: ::1 - - [30/Apr/2024:07:28:22 +0000] "POST /api/v1/users/reset-password HTTP/1.1" 201 276 "-" "PostmanRuntime/7.37.3"

info: ::1 - - [30/Apr/2024:07:30:47 +0000] "POST /api/v1/users/reset-password HTTP/1.1" 201 276 "-" "PostmanRuntime/7.37.3"

info: ::1 - - [30/Apr/2024:07:32:02 +0000] "POST /api/v1/users/reset-password HTTP/1.1" 201 276 "-" "PostmanRuntime/7.37.3"

info: ::1 - - [30/Apr/2024:07:33:11 +0000] "POST /api/v1/users/reset-password HTTP/1.1" 201 276 "-" "PostmanRuntime/7.37.3"

info: ::1 - - [30/Apr/2024:07:38:58 +0000] "POST /api/v1/users/reset-password HTTP/1.1" 201 276 "-" "PostmanRuntime/7.37.3"

info: ::1 - - [30/Apr/2024:07:45:48 +0000] "POST /api/v1/users/reset-password HTTP/1.1" 201 276 "-" "PostmanRuntime/7.37.3"

info: ::1 - - [30/Apr/2024:07:47:04 +0000] "POST /api/v1/users/reset-password HTTP/1.1" 400 78 "-" "PostmanRuntime/7.37.3"

info: ::1 - - [30/Apr/2024:07:48:51 +0000] "POST /api/v1/users/reset-password HTTP/1.1" 201 276 "-" "PostmanRuntime/7.37.3"

info: ::1 - - [30/Apr/2024:08:06:11 +0000] "POST /api/v1/users/reset-password HTTP/1.1" 201 276 "-" "PostmanRuntime/7.37.3"

